<?xml version="1.0" encoding="UTF-8"?>
<!-- Generated by org.testng.reporters.JUnitReportReporter -->
<testsuite hostname="IN-PG02NM6E" failures="0" tests="2" name="Runner.TestRunner" time="149.989" errors="0" timestamp="2022-12-03T14:10:49 IST" skipped="0">
  <testcase classname="Runner.TestRunner" name="feature" time="50.688"/>
  <system-out/>
  <testcase classname="Runner.TestRunner" name="feature" time="99.301"/>
  <system-out/>
</testsuite> <!-- Runner.TestRunner -->
